# JRE version: OpenJDK Runtime Environment Zulu24.32+13-CA (24.0.2+12) (build 24.0.2+12)
# Java VM: OpenJDK 64-Bit Server VM Zulu24.32+13-CA (24.0.2+12, mixed mode, sharing, tiered, compressed oops, compressed class ptrs, g1 gc, windows-amd64)
GC Precious Log:
 CardTable entry size: 512
 Card Set container configuration: InlinePtr #cards 4 size 8 Array Of Cards #cards 16 size 48 Howl #buckets 8 coarsen threshold 3686 Howl Bitmap #cards 512 size 80 coarsen threshold 460 Card regions per heap region 1 cards per card region 4096
 CPUs: 12 total, 12 available
 Memory: 15720M
 Large Page Support: Disabled
 NUMA Support: Disabled
 Compressed Oops: Enabled (Zero based)
 Heap Region Size: 2M
 Heap Min Capacity: 8M
 Heap Initial Capacity: 246M
 Heap Max Capacity: 3932M
 Pre-touch: Disabled
 Parallel Workers: 10
 Concurrent Workers: 3
 Concurrent Refinement Workers: 10
 Periodic GC: Disabled
Heap:
 garbage-first heap   total reserved 4026368K, committed 274432K, used 205414K [0x000000070a400000, 0x0000000800000000)
  region size 2048K, 56 young (114688K), 1 survivors (2048K)
 Metaspace       used 59104K, committed 59776K, reserved 1114112K
  class space    used 6323K, committed 6656K, reserved 1048576K
GC Heap History (20 events):
Event: 7.385 GC heap before
{Heap before GC invocations=3 (full 0):
 garbage-first heap   total reserved 4026368K, committed 55296K, used 41537K [0x000000070a400000, 0x0000000800000000)
  region size 2048K, 16 young (32768K), 3 survivors (6144K)
 Metaspace       used 28368K, committed 28928K, reserved 1114112K
  class space    used 2897K, committed 3136K, reserved 1048576K
}
Event: 7.389 GC heap after
{Heap after GC invocations=4 (full 0):
 garbage-first heap   total reserved 4026368K, committed 55296K, used 18035K [0x000000070a400000, 0x0000000800000000)
  region size 2048K, 2 young (4096K), 2 survivors (4096K)
 Metaspace       used 28368K, committed 28928K, reserved 1114112K
  class space    used 2897K, committed 3136K, reserved 1048576K
}
Event: 7.752 GC heap before
{Heap before GC invocations=4 (full 0):
 garbage-first heap   total reserved 4026368K, committed 55296K, used 38515K [0x000000070a400000, 0x0000000800000000)
  region size 2048K, 12 young (24576K), 2 survivors (4096K)
 Metaspace       used 33246K, committed 33792K, reserved 1114112K
  class space    used 3308K, committed 3520K, reserved 1048576K
}
Event: 7.756 GC heap after
{Heap after GC invocations=5 (full 0):
 garbage-first heap   total reserved 4026368K, committed 55296K, used 19570K [0x000000070a400000, 0x0000000800000000)
  region size 2048K, 1 young (2048K), 1 survivors (2048K)
 Metaspace       used 33246K, committed 33792K, reserved 1114112K
  class space    used 3308K, committed 3520K, reserved 1048576K
}
Event: 7.872 GC heap before
{Heap before GC invocations=5 (full 0):
 garbage-first heap   total reserved 4026368K, committed 55296K, used 23666K [0x000000070a400000, 0x0000000800000000)
  region size 2048K, 4 young (8192K), 1 survivors (2048K)
 Metaspace       used 35396K, committed 35968K, reserved 1114112K
  class space    used 3480K, committed 3712K, reserved 1048576K
}
Event: 7.874 GC heap after
{Heap after GC invocations=6 (full 0):
 garbage-first heap   total reserved 4026368K, committed 55296K, used 19679K [0x000000070a400000, 0x0000000800000000)
  region size 2048K, 1 young (2048K), 1 survivors (2048K)
 Metaspace       used 35396K, committed 35968K, reserved 1114112K
  class space    used 3480K, committed 3712K, reserved 1048576K
}
Event: 8.213 GC heap before
{Heap before GC invocations=7 (full 0):
 garbage-first heap   total reserved 4026368K, committed 55296K, used 42207K [0x000000070a400000, 0x0000000800000000)
  region size 2048K, 12 young (24576K), 1 survivors (2048K)
 Metaspace       used 40373K, committed 40960K, reserved 1114112K
  class space    used 4163K, committed 4416K, reserved 1048576K
}
Event: 8.215 GC heap after
{Heap after GC invocations=8 (full 0):
 garbage-first heap   total reserved 4026368K, committed 55296K, used 20543K [0x000000070a400000, 0x0000000800000000)
  region size 2048K, 2 young (4096K), 2 survivors (4096K)
 Metaspace       used 40373K, committed 40960K, reserved 1114112K
  class space    used 4163K, committed 4416K, reserved 1048576K
}
Event: 8.556 GC heap before
{Heap before GC invocations=8 (full 0):
 garbage-first heap   total reserved 4026368K, committed 55296K, used 43071K [0x000000070a400000, 0x0000000800000000)
  region size 2048K, 13 young (26624K), 2 survivors (4096K)
 Metaspace       used 44481K, committed 45120K, reserved 1114112K
  class space    used 4553K, committed 4800K, reserved 1048576K
}
Event: 8.559 GC heap after
{Heap after GC invocations=9 (full 0):
 garbage-first heap   total reserved 4026368K, committed 55296K, used 21152K [0x000000070a400000, 0x0000000800000000)
  region size 2048K, 2 young (4096K), 2 survivors (4096K)
 Metaspace       used 44481K, committed 45120K, reserved 1114112K
  class space    used 4553K, committed 4800K, reserved 1048576K
}
Event: 8.975 GC heap before
{Heap before GC invocations=9 (full 0):
 garbage-first heap   total reserved 4026368K, committed 55296K, used 41632K [0x000000070a400000, 0x0000000800000000)
  region size 2048K, 13 young (26624K), 2 survivors (4096K)
 Metaspace       used 50451K, committed 51072K, reserved 1114112K
  class space    used 5435K, committed 5696K, reserved 1048576K
}
Event: 8.979 GC heap after
{Heap after GC invocations=10 (full 0):
 garbage-first heap   total reserved 4026368K, committed 55296K, used 23019K [0x000000070a400000, 0x0000000800000000)
  region size 2048K, 2 young (4096K), 2 survivors (4096K)
 Metaspace       used 50451K, committed 51072K, reserved 1114112K
  class space    used 5435K, committed 5696K, reserved 1048576K
}
Event: 33.604 GC heap before
{Heap before GC invocations=10 (full 0):
 garbage-first heap   total reserved 4026368K, committed 55296K, used 45547K [0x000000070a400000, 0x0000000800000000)
  region size 2048K, 13 young (26624K), 2 survivors (4096K)
 Metaspace       used 53701K, committed 54400K, reserved 1114112K
  class space    used 5764K, committed 6080K, reserved 1048576K
}
Event: 33.607 GC heap after
{Heap after GC invocations=11 (full 0):
 garbage-first heap   total reserved 4026368K, committed 55296K, used 24276K [0x000000070a400000, 0x0000000800000000)
  region size 2048K, 2 young (4096K), 2 survivors (4096K)
 Metaspace       used 53701K, committed 54400K, reserved 1114112K
  class space    used 5764K, committed 6080K, reserved 1048576K
}
Event: 45.526 GC heap before
{Heap before GC invocations=11 (full 0):
 garbage-first heap   total reserved 4026368K, committed 55296K, used 30420K [0x000000070a400000, 0x0000000800000000)
  region size 2048K, 6 young (12288K), 2 survivors (4096K)
 Metaspace       used 55390K, committed 56064K, reserved 1114112K
  class space    used 5895K, committed 6208K, reserved 1048576K
}
Event: 45.529 GC heap after
{Heap after GC invocations=12 (full 0):
 garbage-first heap   total reserved 4026368K, committed 55296K, used 24973K [0x000000070a400000, 0x0000000800000000)
  region size 2048K, 1 young (2048K), 1 survivors (2048K)
 Metaspace       used 55390K, committed 56064K, reserved 1114112K
  class space    used 5895K, committed 6208K, reserved 1048576K
}
Event: 45.645 GC heap before
{Heap before GC invocations=12 (full 0):
 garbage-first heap   total reserved 4026368K, committed 106496K, used 96653K [0x000000070a400000, 0x0000000800000000)
  region size 2048K, 2 young (4096K), 1 survivors (2048K)
 Metaspace       used 55412K, committed 56064K, reserved 1114112K
  class space    used 5895K, committed 6208K, reserved 1048576K
}
Event: 45.647 GC heap after
{Heap after GC invocations=13 (full 0):
 garbage-first heap   total reserved 4026368K, committed 106496K, used 96447K [0x000000070a400000, 0x0000000800000000)
  region size 2048K, 1 young (2048K), 1 survivors (2048K)
 Metaspace       used 55412K, committed 56064K, reserved 1114112K
  class space    used 5895K, committed 6208K, reserved 1048576K
}
Event: 45.780 GC heap before
{Heap before GC invocations=14 (full 0):
 garbage-first heap   total reserved 4026368K, committed 274432K, used 178367K [0x000000070a400000, 0x0000000800000000)
  region size 2048K, 4 young (8192K), 1 survivors (2048K)
 Metaspace       used 56788K, committed 57472K, reserved 1114112K
  class space    used 6070K, committed 6400K, reserved 1048576K
}
Event: 45.782 GC heap after
{Heap after GC invocations=15 (full 0):
 garbage-first heap   total reserved 4026368K, committed 274432K, used 96870K [0x000000070a400000, 0x0000000800000000)
  region size 2048K, 1 young (2048K), 1 survivors (2048K)
 Metaspace       used 56788K, committed 57472K, reserved 1114112K
  class space    used 6070K, committed 6400K, reserved 1048576K
}

