# JRE version: OpenJDK Runtime Environment Zulu24.32+13-CA (24.0.2+12) (build 24.0.2+12)
# Java VM: OpenJDK 64-Bit Server VM Zulu24.32+13-CA (24.0.2+12, mixed mode, sharing, tiered, compressed oops, compressed class ptrs, g1 gc, windows-amd64)
GC Precious Log:
 CardTable entry size: 512
 Card Set container configuration: InlinePtr #cards 4 size 8 Array Of Cards #cards 16 size 48 Howl #buckets 8 coarsen threshold 3686 Howl Bitmap #cards 512 size 80 coarsen threshold 460 Card regions per heap region 1 cards per card region 4096
 CPUs: 12 total, 12 available
 Memory: 15720M
 Large Page Support: Disabled
 NUMA Support: Disabled
 Compressed Oops: Enabled (Zero based)
 Heap Region Size: 2M
 Heap Min Capacity: 8M
 Heap Initial Capacity: 246M
 Heap Max Capacity: 3932M
 Pre-touch: Disabled
 Parallel Workers: 10
 Concurrent Workers: 3
 Concurrent Refinement Workers: 10
 Periodic GC: Disabled
Heap:
 garbage-first heap   total reserved 4026368K, committed 307200K, used 173884K [0x000000070a400000, 0x0000000800000000)
  region size 2048K, 2 young (4096K), 2 survivors (4096K)
 Metaspace       used 63606K, committed 64320K, reserved 1114112K
  class space    used 6710K, committed 6976K, reserved 1048576K
GC Heap History (20 events):
Event: 114.173 GC heap after
{Heap after GC invocations=17 (full 0):
 garbage-first heap   total reserved 4026368K, committed 61440K, used 33326K [0x000000070a400000, 0x0000000800000000)
  region size 2048K, 1 young (2048K), 1 survivors (2048K)
 Metaspace       used 61855K, committed 62592K, reserved 1114112K
  class space    used 6599K, committed 6912K, reserved 1048576K
}
Event: 114.236 GC heap before
{Heap before GC invocations=17 (full 0):
 garbage-first heap   total reserved 4026368K, committed 61440K, used 51758K [0x000000070a400000, 0x0000000800000000)
  region size 2048K, 10 young (20480K), 1 survivors (2048K)
 Metaspace       used 61949K, committed 62656K, reserved 1114112K
  class space    used 6599K, committed 6912K, reserved 1048576K
}
Event: 114.238 GC heap after
{Heap after GC invocations=18 (full 0):
 garbage-first heap   total reserved 4026368K, committed 157696K, used 33520K [0x000000070a400000, 0x0000000800000000)
  region size 2048K, 1 young (2048K), 1 survivors (2048K)
 Metaspace       used 61949K, committed 62656K, reserved 1114112K
  class space    used 6599K, committed 6912K, reserved 1048576K
}
Event: 124.589 GC heap before
{Heap before GC invocations=19 (full 0):
 garbage-first heap   total reserved 4026368K, committed 116736K, used 101104K [0x000000070a400000, 0x0000000800000000)
  region size 2048K, 34 young (69632K), 1 survivors (2048K)
 Metaspace       used 63082K, committed 63808K, reserved 1114112K
  class space    used 6684K, committed 6976K, reserved 1048576K
}
Event: 124.592 GC heap after
{Heap after GC invocations=20 (full 0):
 garbage-first heap   total reserved 4026368K, committed 116736K, used 34670K [0x000000070a400000, 0x0000000800000000)
  region size 2048K, 1 young (2048K), 1 survivors (2048K)
 Metaspace       used 63082K, committed 63808K, reserved 1114112K
  class space    used 6684K, committed 6976K, reserved 1048576K
}
Event: 293.928 GC heap before
{Heap before GC invocations=20 (full 0):
 garbage-first heap   total reserved 4026368K, committed 116736K, used 94062K [0x000000070a400000, 0x0000000800000000)
  region size 2048K, 30 young (61440K), 1 survivors (2048K)
 Metaspace       used 63344K, committed 64000K, reserved 1114112K
  class space    used 6692K, committed 6976K, reserved 1048576K
}
Event: 293.932 GC heap after
{Heap after GC invocations=21 (full 0):
 garbage-first heap   total reserved 4026368K, committed 116736K, used 34692K [0x000000070a400000, 0x0000000800000000)
  region size 2048K, 2 young (4096K), 2 survivors (4096K)
 Metaspace       used 63344K, committed 64000K, reserved 1114112K
  class space    used 6692K, committed 6976K, reserved 1048576K
}
Event: 384.888 GC heap before
{Heap before GC invocations=21 (full 0):
 garbage-first heap   total reserved 4026368K, committed 116736K, used 49028K [0x000000070a400000, 0x0000000800000000)
  region size 2048K, 10 young (20480K), 2 survivors (4096K)
 Metaspace       used 63520K, committed 64192K, reserved 1114112K
  class space    used 6709K, committed 6976K, reserved 1048576K
}
Event: 384.892 GC heap after
{Heap after GC invocations=22 (full 0):
 garbage-first heap   total reserved 4026368K, committed 116736K, used 34719K [0x000000070a400000, 0x0000000800000000)
  region size 2048K, 2 young (4096K), 2 survivors (4096K)
 Metaspace       used 63520K, committed 64192K, reserved 1114112K
  class space    used 6709K, committed 6976K, reserved 1048576K
}
Event: 385.300 GC heap before
{Heap before GC invocations=23 (full 0):
 garbage-first heap   total reserved 4026368K, committed 249856K, used 247711K [0x000000070a400000, 0x0000000800000000)
  region size 2048K, 30 young (61440K), 2 survivors (4096K)
 Metaspace       used 63563K, committed 64256K, reserved 1114112K
  class space    used 6709K, committed 6976K, reserved 1048576K
}
Event: 385.347 GC heap after
{Heap after GC invocations=24 (full 0):
 garbage-first heap   total reserved 4026368K, committed 307200K, used 166787K [0x000000070a400000, 0x0000000800000000)
  region size 2048K, 4 young (8192K), 4 survivors (8192K)
 Metaspace       used 63563K, committed 64256K, reserved 1114112K
  class space    used 6709K, committed 6976K, reserved 1048576K
}
Event: 385.470 GC heap before
{Heap before GC invocations=24 (full 0):
 garbage-first heap   total reserved 4026368K, committed 307200K, used 240515K [0x000000070a400000, 0x0000000800000000)
  region size 2048K, 40 young (81920K), 4 survivors (8192K)
 Metaspace       used 63604K, committed 64320K, reserved 1114112K
  class space    used 6709K, committed 6976K, reserved 1048576K
}
Event: 385.486 GC heap after
{Heap after GC invocations=25 (full 0):
 garbage-first heap   total reserved 4026368K, committed 307200K, used 175741K [0x000000070a400000, 0x0000000800000000)
  region size 2048K, 4 young (8192K), 4 survivors (8192K)
 Metaspace       used 63604K, committed 64320K, reserved 1114112K
  class space    used 6709K, committed 6976K, reserved 1048576K
}
Event: 385.586 GC heap before
{Heap before GC invocations=25 (full 0):
 garbage-first heap   total reserved 4026368K, committed 307200K, used 247421K [0x000000070a400000, 0x0000000800000000)
  region size 2048K, 39 young (79872K), 4 survivors (8192K)
 Metaspace       used 63604K, committed 64320K, reserved 1114112K
  class space    used 6709K, committed 6976K, reserved 1048576K
}
Event: 385.595 GC heap after
{Heap after GC invocations=26 (full 0):
 garbage-first heap   total reserved 4026368K, committed 307200K, used 178632K [0x000000070a400000, 0x0000000800000000)
  region size 2048K, 1 young (2048K), 1 survivors (2048K)
 Metaspace       used 63604K, committed 64320K, reserved 1114112K
  class space    used 6709K, committed 6976K, reserved 1048576K
}
Event: 385.693 GC heap before
{Heap before GC invocations=27 (full 0):
 garbage-first heap   total reserved 4026368K, committed 307200K, used 254408K [0x000000070a400000, 0x0000000800000000)
  region size 2048K, 38 young (77824K), 1 survivors (2048K)
 Metaspace       used 63606K, committed 64320K, reserved 1114112K
  class space    used 6710K, committed 6976K, reserved 1048576K
}
Event: 385.695 GC heap after
{Heap after GC invocations=28 (full 0):
 garbage-first heap   total reserved 4026368K, committed 307200K, used 178927K [0x000000070a400000, 0x0000000800000000)
  region size 2048K, 1 young (2048K), 1 survivors (2048K)
 Metaspace       used 63606K, committed 64320K, reserved 1114112K
  class space    used 6710K, committed 6976K, reserved 1048576K
}
Event: 385.761 GC heap before
{Heap before GC invocations=28 (full 0):
 garbage-first heap   total reserved 4026368K, committed 307200K, used 258799K [0x000000070a400000, 0x0000000800000000)
  region size 2048K, 40 young (81920K), 1 survivors (2048K)
 Metaspace       used 63606K, committed 64320K, reserved 1114112K
  class space    used 6710K, committed 6976K, reserved 1048576K
}
Event: 385.767 GC heap after
{Heap after GC invocations=29 (full 0):
 garbage-first heap   total reserved 4026368K, committed 307200K, used 172698K [0x000000070a400000, 0x0000000800000000)
  region size 2048K, 2 young (4096K), 2 survivors (4096K)
 Metaspace       used 63606K, committed 64320K, reserved 1114112K
  class space    used 6710K, committed 6976K, reserved 1048576K
}
Event: 385.809 GC heap before
{Heap before GC invocations=29 (full 0):
 garbage-first heap   total reserved 4026368K, committed 307200K, used 260762K [0x000000070a400000, 0x0000000800000000)
  region size 2048K, 45 young (92160K), 2 survivors (4096K)
 Metaspace       used 63606K, committed 64320K, reserved 1114112K
  class space    used 6710K, committed 6976K, reserved 1048576K
}

