# JRE version: OpenJDK Runtime Environment Zulu24.32+13-CA (24.0.2+12) (build 24.0.2+12)
# Java VM: OpenJDK 64-Bit Server VM Zulu24.32+13-CA (24.0.2+12, mixed mode, sharing, tiered, compressed oops, compressed class ptrs, g1 gc, windows-amd64)
GC Precious Log:
 CardTable entry size: 512
 Card Set container configuration: InlinePtr #cards 4 size 8 Array Of Cards #cards 16 size 48 Howl #buckets 8 coarsen threshold 3686 Howl Bitmap #cards 512 size 80 coarsen threshold 460 Card regions per heap region 1 cards per card region 4096
 CPUs: 12 total, 12 available
 Memory: 15720M
 Large Page Support: Disabled
 NUMA Support: Disabled
 Compressed Oops: Enabled (Zero based)
 Heap Region Size: 2M
 Heap Min Capacity: 8M
 Heap Initial Capacity: 246M
 Heap Max Capacity: 3932M
 Pre-touch: Disabled
 Parallel Workers: 10
 Concurrent Workers: 3
 Concurrent Refinement Workers: 10
 Periodic GC: Disabled
Heap:
 garbage-first heap   total reserved 4026368K, committed 1140736K, used 925808K [0x000000070a400000, 0x0000000800000000)
  region size 2048K, 5 young (10240K), 5 survivors (10240K)
 Metaspace       used 63071K, committed 63808K, reserved 1114112K
  class space    used 6717K, committed 7040K, reserved 1048576K
GC Heap History (20 events):
Event: 1086.883 GC heap after
{Heap after GC invocations=30 (full 0):
 garbage-first heap   total reserved 4026368K, committed 694272K, used 182477K [0x000000070a400000, 0x0000000800000000)
  region size 2048K, 7 young (14336K), 7 survivors (14336K)
 Metaspace       used 62047K, committed 62720K, reserved 1114112K
  class space    used 6566K, committed 6848K, reserved 1048576K
}
Event: 1086.991 GC heap before
{Heap before GC invocations=31 (full 0):
 garbage-first heap   total reserved 4026368K, committed 628736K, used 522445K [0x000000070a400000, 0x0000000800000000)
  region size 2048K, 172 young (352256K), 7 survivors (14336K)
 Metaspace       used 62047K, committed 62720K, reserved 1114112K
  class space    used 6566K, committed 6848K, reserved 1048576K
}
Event: 1086.997 GC heap after
{Heap after GC invocations=32 (full 0):
 garbage-first heap   total reserved 4026368K, committed 628736K, used 187626K [0x000000070a400000, 0x0000000800000000)
  region size 2048K, 8 young (16384K), 8 survivors (16384K)
 Metaspace       used 62047K, committed 62720K, reserved 1114112K
  class space    used 6566K, committed 6848K, reserved 1048576K
}
Event: 1087.069 GC heap before
{Heap before GC invocations=32 (full 0):
 garbage-first heap   total reserved 4026368K, committed 628736K, used 494826K [0x000000070a400000, 0x0000000800000000)
  region size 2048K, 158 young (323584K), 8 survivors (16384K)
 Metaspace       used 62047K, committed 62720K, reserved 1114112K
  class space    used 6566K, committed 6848K, reserved 1048576K
}
Event: 1087.076 GC heap after
{Heap after GC invocations=33 (full 0):
 garbage-first heap   total reserved 4026368K, committed 628736K, used 191531K [0x000000070a400000, 0x0000000800000000)
  region size 2048K, 10 young (20480K), 10 survivors (20480K)
 Metaspace       used 62047K, committed 62720K, reserved 1114112K
  class space    used 6566K, committed 6848K, reserved 1048576K
}
Event: 1087.150 GC heap before
{Heap before GC invocations=33 (full 0):
 garbage-first heap   total reserved 4026368K, committed 628736K, used 511019K [0x000000070a400000, 0x0000000800000000)
  region size 2048K, 166 young (339968K), 10 survivors (20480K)
 Metaspace       used 62047K, committed 62720K, reserved 1114112K
  class space    used 6566K, committed 6848K, reserved 1048576K
}
Event: 1087.158 GC heap after
{Heap after GC invocations=34 (full 0):
 garbage-first heap   total reserved 4026368K, committed 970752K, used 194035K [0x000000070a400000, 0x0000000800000000)
  region size 2048K, 12 young (24576K), 12 survivors (24576K)
 Metaspace       used 62047K, committed 62720K, reserved 1114112K
  class space    used 6566K, committed 6848K, reserved 1048576K
}
Event: 1087.565 GC heap before
{Heap before GC invocations=35 (full 0):
 garbage-first heap   total reserved 4026368K, committed 663552K, used 570867K [0x000000070a400000, 0x0000000800000000)
  region size 2048K, 194 young (397312K), 12 survivors (24576K)
 Metaspace       used 63071K, committed 63808K, reserved 1114112K
  class space    used 6717K, committed 7040K, reserved 1048576K
}
Event: 1087.590 GC heap after
{Heap after GC invocations=36 (full 0):
 garbage-first heap   total reserved 4026368K, committed 667648K, used 266025K [0x000000070a400000, 0x0000000800000000)
  region size 2048K, 25 young (51200K), 25 survivors (51200K)
 Metaspace       used 63071K, committed 63808K, reserved 1114112K
  class space    used 6717K, committed 7040K, reserved 1048576K
}
Event: 1087.939 GC heap before
{Heap before GC invocations=36 (full 0):
 garbage-first heap   total reserved 4026368K, committed 667648K, used 544553K [0x000000070a400000, 0x0000000800000000)
  region size 2048K, 161 young (329728K), 25 survivors (51200K)
 Metaspace       used 63071K, committed 63808K, reserved 1114112K
  class space    used 6717K, committed 7040K, reserved 1048576K
}
Event: 1088.021 GC heap after
{Heap after GC invocations=37 (full 0):
 garbage-first heap   total reserved 4026368K, committed 833536K, used 498800K [0x000000070a400000, 0x0000000800000000)
  region size 2048K, 21 young (43008K), 21 survivors (43008K)
 Metaspace       used 63071K, committed 63808K, reserved 1114112K
  class space    used 6717K, committed 7040K, reserved 1048576K
}
Event: 1088.223 GC heap before
{Heap before GC invocations=37 (full 0):
 garbage-first heap   total reserved 4026368K, committed 833536K, used 650352K [0x000000070a400000, 0x0000000800000000)
  region size 2048K, 95 young (194560K), 21 survivors (43008K)
 Metaspace       used 63071K, committed 63808K, reserved 1114112K
  class space    used 6717K, committed 7040K, reserved 1048576K
}
Event: 1088.270 GC heap after
{Heap after GC invocations=38 (full 0):
 garbage-first heap   total reserved 4026368K, committed 833536K, used 624752K [0x000000070a400000, 0x0000000800000000)
  region size 2048K, 12 young (24576K), 12 survivors (24576K)
 Metaspace       used 63071K, committed 63808K, reserved 1114112K
  class space    used 6717K, committed 7040K, reserved 1048576K
}
Event: 1088.422 GC heap before
{Heap before GC invocations=39 (full 0):
 garbage-first heap   total reserved 4026368K, committed 1042432K, used 702576K [0x000000070a400000, 0x0000000800000000)
  region size 2048K, 51 young (104448K), 12 survivors (24576K)
 Metaspace       used 63071K, committed 63808K, reserved 1114112K
  class space    used 6717K, committed 7040K, reserved 1048576K
}
Event: 1088.448 GC heap after
{Heap after GC invocations=40 (full 0):
 garbage-first heap   total reserved 4026368K, committed 1042432K, used 692336K [0x000000070a400000, 0x0000000800000000)
  region size 2048K, 7 young (14336K), 7 survivors (14336K)
 Metaspace       used 63071K, committed 63808K, reserved 1114112K
  class space    used 6717K, committed 7040K, reserved 1048576K
}
Event: 1088.632 GC heap before
{Heap before GC invocations=40 (full 0):
 garbage-first heap   total reserved 4026368K, committed 1042432K, used 825456K [0x000000070a400000, 0x0000000800000000)
  region size 2048K, 72 young (147456K), 7 survivors (14336K)
 Metaspace       used 63071K, committed 63808K, reserved 1114112K
  class space    used 6717K, committed 7040K, reserved 1048576K
}
Event: 1088.666 GC heap after
{Heap after GC invocations=41 (full 0):
 garbage-first heap   total reserved 4026368K, committed 1042432K, used 804976K [0x000000070a400000, 0x0000000800000000)
  region size 2048K, 9 young (18432K), 9 survivors (18432K)
 Metaspace       used 63071K, committed 63808K, reserved 1114112K
  class space    used 6717K, committed 7040K, reserved 1048576K
}
Event: 1088.778 GC heap before
{Heap before GC invocations=41 (full 0):
 garbage-first heap   total reserved 4026368K, committed 1042432K, used 888944K [0x000000070a400000, 0x0000000800000000)
  region size 2048K, 50 young (102400K), 9 survivors (18432K)
 Metaspace       used 63071K, committed 63808K, reserved 1114112K
  class space    used 6717K, committed 7040K, reserved 1048576K
}
Event: 1088.805 GC heap after
{Heap after GC invocations=42 (full 0):
 garbage-first heap   total reserved 4026368K, committed 1042432K, used 871536K [0x000000070a400000, 0x0000000800000000)
  region size 2048K, 7 young (14336K), 7 survivors (14336K)
 Metaspace       used 63071K, committed 63808K, reserved 1114112K
  class space    used 6717K, committed 7040K, reserved 1048576K
}
Event: 1088.885 GC heap before
{Heap before GC invocations=42 (full 0):
 garbage-first heap   total reserved 4026368K, committed 1042432K, used 930928K [0x000000070a400000, 0x0000000800000000)
  region size 2048K, 36 young (73728K), 7 survivors (14336K)
 Metaspace       used 63071K, committed 63808K, reserved 1114112K
  class space    used 6717K, committed 7040K, reserved 1048576K
}

